0 info it worked if it ends with ok
1 verbose cli [ 'E:\\Third_libraries\\nodejs\\node.exe',
1 verbose cli   'E:\\Third_libraries\\nodejs\\node_modules\\npm\\bin\\npm-cli.js',
1 verbose cli   'start' ]
2 info using npm@3.10.10
3 info using node@v6.11.3
4 verbose run-script [ 'prestart', 'start', 'poststart' ]
5 info lifecycle myapp@0.0.0~prestart: myapp@0.0.0
6 silly lifecycle myapp@0.0.0~prestart: no script for prestart, continuing
7 info lifecycle myapp@0.0.0~start: myapp@0.0.0
8 verbose lifecycle myapp@0.0.0~start: unsafe-perm in lifecycle true
9 verbose lifecycle myapp@0.0.0~start: PATH: E:\Third_libraries\nodejs\node_modules\npm\bin\node-gyp-bin;E:\Third_libraries\nodejs\express\myApp\node_modules\.bin;D:\supermap iobjects\Bin;D:\supermap\Bin;F:\ArcGIS Server 10.2\ArcGISx6410.2\Lib\site-packages\PyQt4;C:\ProgramData\Oracle\Java\javapath;C:\WINDOWS\system32;C:\WINDOWS;C:\WINDOWS\System32\Wbem;C:\WINDOWS\System32\WindowsPowerShell\v1.0\;D:\LenovoDrivers\ATI.ACE\Core-Static;C:\Program Files (x86)\Microsoft SQL Server\100\Tools\Binn\;C:\Program Files\Microsoft SQL Server\100\Tools\Binn\;C:\Program Files\Microsoft SQL Server\100\DTS\Binn\;C:\WINDOWS\system32;C:\WINDOWS;C:\WINDOWS\System32\Wbem;C:\WINDOWS\System32\WindowsPowerShell\v1.0\;C:\Program Files (x86)\Autodesk\Backburner\;C:\Program Files\Common Files\Autodesk Shared\;C:\Program Files\Java\jdk1.8.0_111\bin\;F:\ArcGIS Server 10.2\ArcGISx6410.2\Lib\site-packages\vtk;F:\ArcGIS Server 10.2\ArcGISx6410.2\gnuplot\binary;F:\ArcGIS Server 10.2\ArcGISx6410.2\Lib\site-packages\osgeo;E:\pyspyder\pythonxy\SciTE-3.5.1-4;E:\pyspyder\pythonxy\console;E:\ANACONDA;E:\ANACONDA\Scripts;E:\ANACONDA\Library\bin;C:\Program Files (x86)\Microsoft ASP.NET\ASP.NET Web Pages\v1.0\;C:\Program Files (x86)\Windows Kits\8.0\Windows Performance Toolkit\;C:\Program Files\Microsoft SQL Server\110\Tools\Binn\;C:\Program Files\Microsoft\Web Platform Installer\;C:\Program Files\Microsoft SQL Server\110\DTS\Binn\;C:\Program Files (x86)\Microsoft SQL Server\110\Tools\Binn\;C:\Program Files (x86)\Microsoft SQL Server\110\Tools\Binn\ManagementStudio\;C:\Program Files (x86)\Microsoft Visual Studio 10.0\Common7\IDE\PrivateAssemblies\;E:\办公\git\Git\cmd;C:\Program Files (x86)\Microsoft SQL Server\110\DTS\Binn\;E:\Third_libraries\nodejs\;C:\Users\thinkpad\AppData\Local\Microsoft\WindowsApps;;D:\WebMatrix\Microsoft VS Code\bin;C:\Users\thinkpad\AppData\Roaming\npm
10 verbose lifecycle myapp@0.0.0~start: CWD: E:\Third_libraries\nodejs\express\myApp
11 silly lifecycle myapp@0.0.0~start: Args: [ '/d /s /c', 'node ./bin/www' ]
12 verbose stack Error: kill ENOSYS
12 verbose stack     at exports._errnoException (util.js:1020:11)
12 verbose stack     at process.kill (internal/process.js:190:13)
12 verbose stack     at process.listener (E:\Third_libraries\nodejs\node_modules\npm\node_modules\npmlog\node_modules\gauge\node_modules\signal-exit\index.js:86:15)
12 verbose stack     at emitNone (events.js:91:20)
12 verbose stack     at process.emit (events.js:185:7)
12 verbose stack     at processEmit (E:\Third_libraries\nodejs\node_modules\npm\node_modules\npmlog\node_modules\gauge\node_modules\signal-exit\index.js:146:32)
12 verbose stack     at processEmit (E:\Third_libraries\nodejs\node_modules\npm\node_modules\npm-registry-client\node_modules\npmlog\node_modules\gauge\node_modules\signal-exit\index.js:146:32)
12 verbose stack     at Signal.wrap.onsignal (internal/process.js:217:44)
13 verbose cwd E:\Third_libraries\nodejs\express\myApp
14 error Windows_NT 10.0.14393
15 error argv "E:\\Third_libraries\\nodejs\\node.exe" "E:\\Third_libraries\\nodejs\\node_modules\\npm\\bin\\npm-cli.js" "start"
16 error node v6.11.3
17 error npm  v3.10.10
18 error code ENOSYS
19 error errno ENOSYS
20 error syscall kill
21 error kill ENOSYS
22 error If you need help, you may report this error at:
22 error     <https://github.com/npm/npm/issues>
23 verbose exit [ 1, true ]
